[debug] [2022-06-21T09:36:46.606Z] ----------------------------------------------------------------------
[debug] [2022-06-21T09:36:46.608Z] Command:       C:\Program Files\nodejs\node.exe C:\Users\Kuba\AppData\Roaming\npm\node_modules\firebase-tools\lib\bin\firebase.js init
[debug] [2022-06-21T09:36:46.608Z] CLI Version:   11.1.0
[debug] [2022-06-21T09:36:46.609Z] Platform:      win32
[debug] [2022-06-21T09:36:46.609Z] Node Version:  v16.13.0
[debug] [2022-06-21T09:36:46.610Z] Time:          Tue Jun 21 2022 11:36:46 GMT+0200 (czas środkowoeuropejski letni)
[debug] [2022-06-21T09:36:46.611Z] ----------------------------------------------------------------------
[debug] 
[debug] [2022-06-21T09:36:46.619Z] > command requires scopes: ["email","openid","https://www.googleapis.com/auth/cloudplatformprojects.readonly","https://www.googleapis.com/auth/firebase","https://www.googleapis.com/auth/cloud-platform"]
[debug] [2022-06-21T09:36:46.620Z] > authorizing via signed-in user (szuperkuba@gmail.com)
[info] 
     ######## #### ########  ######## ########     ###     ######  ########
     ##        ##  ##     ## ##       ##     ##  ##   ##  ##       ##
     ######    ##  ########  ######   ########  #########  ######  ######
     ##        ##  ##    ##  ##       ##     ## ##     ##       ## ##
     ##       #### ##     ## ######## ########  ##     ##  ######  ########

You're about to initialize a Firebase project in this directory:

  C:\Users\Kuba\Desktop\portofolio-app-project

[info] 
=== Project Setup
[info] 
[info] First, let's associate this project directory with a Firebase project.
[info] You can create multiple project aliases by running firebase use --add, 
[info] but for now we'll just set up a default project.
[info] 
